<?xml version="1.0" encoding="UTF-8"?>
<!-- Generated by org.testng.reporters.JUnitReportReporter -->
<testsuite hostname="nuvz-242" name="scripts.TestLogin2" tests="1" failures="0" timestamp="23 Jul 2019 14:01:45 GMT" time="43.131" errors="0">
  <testcase name="testLogin2" time="43.131" classname="scripts.TestLogin2"/>
</testsuite> <!-- scripts.TestLogin2 -->
