<?xml version="1.0" encoding="UTF-8"?>
<!-- Generated by org.testng.reporters.JUnitReportReporter -->
<testsuite hostname="nuvz-242" name="scripts.TestLogin" tests="1" failures="0" timestamp="22 Jul 2019 12:23:06 GMT" time="37.370" errors="0">
  <testcase name="testLogin" time="37.370" classname="scripts.TestLogin"/>
</testsuite> <!-- scripts.TestLogin -->
