<?xml version="1.0" encoding="UTF-8"?>
<!-- Generated by org.testng.reporters.JUnitReportReporter -->
<testsuite hostname="nuvz-242" name="reportGeneration.ReportGen" tests="1" failures="0" timestamp="19 Jul 2019 10:03:55 GMT" time="0.123" errors="0">
  <testcase name="VerifyHome" time="0.123" classname="reportGeneration.ReportGen"/>
</testsuite> <!-- reportGeneration.ReportGen -->
