<?xml version="1.0" encoding="UTF-8"?>
<!-- Generated by org.testng.reporters.JUnitReportReporter -->
<testsuite hostname="nuvz-242" name="scripts.MultipleTest2" tests="3" failures="0" timestamp="21 Jul 2019 18:00:01 GMT" time="9.006" errors="0">
  <testcase name="m6" time="3.001" classname="scripts.MultipleTest2"/>
  <testcase name="m4" time="3.001" classname="scripts.MultipleTest2"/>
  <testcase name="m5" time="3.004" classname="scripts.MultipleTest2"/>
</testsuite> <!-- scripts.MultipleTest2 -->
