<?xml version="1.0" encoding="UTF-8"?>
<!-- Generated by org.testng.reporters.JUnitReportReporter -->
<testsuite hostname="nuvz-242" name="scripts.TestLogin" tests="2" failures="0" timestamp="23 Jul 2019 14:01:45 GMT" time="62.435" errors="0">
  <testcase name="testLogin" time="39.455" classname="scripts.TestLogin"/>
  <testcase name="print" time="22.980" classname="scripts.TestLogin"/>
</testsuite> <!-- scripts.TestLogin -->
