<?xml version="1.0" encoding="UTF-8"?>
<!-- Generated by org.testng.reporters.JUnitReportReporter -->
<testsuite hostname="nuvz-242" name="scripts.MultipleTest" tests="3" failures="0" timestamp="21 Jul 2019 18:00:01 GMT" time="9.038" errors="0">
  <testcase name="m2" time="3.003" classname="scripts.MultipleTest"/>
  <testcase name="m3" time="3.005" classname="scripts.MultipleTest"/>
  <testcase name="m1" time="3.030" classname="scripts.MultipleTest"/>
</testsuite> <!-- scripts.MultipleTest -->
