<?xml version="1.0" encoding="UTF-8"?>
<!-- Generated by org.testng.reporters.JUnitReportReporter -->
<testsuite hostname="nuvz-242" name="scripts.TestLogin" tests="2" failures="0" timestamp="24 Jul 2019 05:52:54 GMT" time="59.138" errors="0">
  <testcase name="print" time="18.084" classname="scripts.TestLogin"/>
  <testcase name="testLogin" time="41.054" classname="scripts.TestLogin"/>
</testsuite> <!-- scripts.TestLogin -->
