<?xml version="1.0" encoding="UTF-8"?>
<!-- Generated by org.testng.reporters.JUnitReportReporter -->
<testsuite hostname="nuvz-242" name="scripts.TestLogin2" tests="1" failures="0" timestamp="24 Jul 2019 05:52:54 GMT" time="41.799" errors="0">
  <testcase name="testLogin2" time="41.799" classname="scripts.TestLogin2"/>
</testsuite> <!-- scripts.TestLogin2 -->
